Determining if the pthread_create exist failed with the following output:
Change Dir: /home/hcq/pointcloud/Python/data_process/pcdbin/build/CMakeFiles/CMakeTmp

Run Build Command:"/usr/bin/make" "cmTC_b639d/fast"
/usr/bin/make -f CMakeFiles/cmTC_b639d.dir/build.make CMakeFiles/cmTC_b639d.dir/build
make[1]: 进入目录“/home/hcq/pointcloud/Python/data_process/pcdbin/build/CMakeFiles/CMakeTmp”
Building C object CMakeFiles/cmTC_b639d.dir/CheckSymbolExists.c.o
/usr/bin/cc    -o CMakeFiles/cmTC_b639d.dir/CheckSymbolExists.c.o   -c /home/hcq/pointcloud/Python/data_process/pcdbin/build/CMakeFiles/CMakeTmp/CheckSymbolExists.c
Linking C executable cmTC_b639d
/home/hcq/anaconda3/envs/torch/lib/python3.6/site-packages/cmake/data/bin/cmake -E cmake_link_script CMakeFiles/cmTC_b639d.dir/link.txt --verbose=1
/usr/bin/cc      CMakeFiles/cmTC_b639d.dir/CheckSymbolExists.c.o  -o cmTC_b639d 
CMakeFiles/cmTC_b639d.dir/CheckSymbolExists.c.o：在函数‘main’中：
CheckSymbolExists.c:(.text+0x1b)：对‘pthread_create’未定义的引用
collect2: error: ld returned 1 exit status
CMakeFiles/cmTC_b639d.dir/build.make:86: recipe for target 'cmTC_b639d' failed
make[1]: *** [cmTC_b639d] Error 1
make[1]: 离开目录“/home/hcq/pointcloud/Python/data_process/pcdbin/build/CMakeFiles/CMakeTmp”
Makefile:121: recipe for target 'cmTC_b639d/fast' failed
make: *** [cmTC_b639d/fast] Error 2

File /home/hcq/pointcloud/Python/data_process/pcdbin/build/CMakeFiles/CMakeTmp/CheckSymbolExists.c:
/* */
#include <pthread.h>

int main(int argc, char** argv)
{
  (void)argv;
#ifndef pthread_create
  return ((int*)(&pthread_create))[argc];
#else
  (void)argc;
  return 0;
#endif
}

Determining if the function pthread_create exists in the pthreads failed with the following output:
Change Dir: /home/hcq/pointcloud/Python/data_process/pcdbin/build/CMakeFiles/CMakeTmp

Run Build Command:"/usr/bin/make" "cmTC_c1a81/fast"
/usr/bin/make -f CMakeFiles/cmTC_c1a81.dir/build.make CMakeFiles/cmTC_c1a81.dir/build
make[1]: 进入目录“/home/hcq/pointcloud/Python/data_process/pcdbin/build/CMakeFiles/CMakeTmp”
Building C object CMakeFiles/cmTC_c1a81.dir/CheckFunctionExists.c.o
/usr/bin/cc   -DCHECK_FUNCTION_EXISTS=pthread_create   -o CMakeFiles/cmTC_c1a81.dir/CheckFunctionExists.c.o   -c /home/hcq/anaconda3/envs/torch/lib/python3.6/site-packages/cmake/data/share/cmake-3.13/Modules/CheckFunctionExists.c
Linking C executable cmTC_c1a81
/home/hcq/anaconda3/envs/torch/lib/python3.6/site-packages/cmake/data/bin/cmake -E cmake_link_script CMakeFiles/cmTC_c1a81.dir/link.txt --verbose=1
/usr/bin/cc  -DCHECK_FUNCTION_EXISTS=pthread_create    CMakeFiles/cmTC_c1a81.dir/CheckFunctionExists.c.o  -o cmTC_c1a81 -lpthreads 
/usr/bin/ld: 找不到 -lpthreads
collect2: error: ld returned 1 exit status
CMakeFiles/cmTC_c1a81.dir/build.make:86: recipe for target 'cmTC_c1a81' failed
make[1]: *** [cmTC_c1a81] Error 1
make[1]: 离开目录“/home/hcq/pointcloud/Python/data_process/pcdbin/build/CMakeFiles/CMakeTmp”
Makefile:121: recipe for target 'cmTC_c1a81/fast' failed
make: *** [cmTC_c1a81/fast] Error 2


