Determining if the pthread_create exist failed with the following output:
Change Dir: /home/hcq/pointcloud/Python/data_process/pcdbin/bin2pcd/build/CMakeFiles/CMakeTmp

Run Build Command:"/usr/bin/make" "cmTC_3f758/fast"
/usr/bin/make -f CMakeFiles/cmTC_3f758.dir/build.make CMakeFiles/cmTC_3f758.dir/build
make[1]: 进入目录“/home/hcq/pointcloud/Python/data_process/pcdbin/bin2pcd/build/CMakeFiles/CMakeTmp”
Building C object CMakeFiles/cmTC_3f758.dir/CheckSymbolExists.c.o
/usr/bin/cc    -o CMakeFiles/cmTC_3f758.dir/CheckSymbolExists.c.o   -c /home/hcq/pointcloud/Python/data_process/pcdbin/bin2pcd/build/CMakeFiles/CMakeTmp/CheckSymbolExists.c
Linking C executable cmTC_3f758
/home/hcq/anaconda3/envs/torch/lib/python3.6/site-packages/cmake/data/bin/cmake -E cmake_link_script CMakeFiles/cmTC_3f758.dir/link.txt --verbose=1
/usr/bin/cc      CMakeFiles/cmTC_3f758.dir/CheckSymbolExists.c.o  -o cmTC_3f758 
CMakeFiles/cmTC_3f758.dir/CheckSymbolExists.c.o：在函数‘main’中：
CheckSymbolExists.c:(.text+0x1b)：对‘pthread_create’未定义的引用
collect2: error: ld returned 1 exit status
CMakeFiles/cmTC_3f758.dir/build.make:86: recipe for target 'cmTC_3f758' failed
make[1]: *** [cmTC_3f758] Error 1
make[1]: 离开目录“/home/hcq/pointcloud/Python/data_process/pcdbin/bin2pcd/build/CMakeFiles/CMakeTmp”
Makefile:121: recipe for target 'cmTC_3f758/fast' failed
make: *** [cmTC_3f758/fast] Error 2

File /home/hcq/pointcloud/Python/data_process/pcdbin/bin2pcd/build/CMakeFiles/CMakeTmp/CheckSymbolExists.c:
/* */
#include <pthread.h>

int main(int argc, char** argv)
{
  (void)argv;
#ifndef pthread_create
  return ((int*)(&pthread_create))[argc];
#else
  (void)argc;
  return 0;
#endif
}

Determining if the function pthread_create exists in the pthreads failed with the following output:
Change Dir: /home/hcq/pointcloud/Python/data_process/pcdbin/bin2pcd/build/CMakeFiles/CMakeTmp

Run Build Command:"/usr/bin/make" "cmTC_6a0d5/fast"
/usr/bin/make -f CMakeFiles/cmTC_6a0d5.dir/build.make CMakeFiles/cmTC_6a0d5.dir/build
make[1]: 进入目录“/home/hcq/pointcloud/Python/data_process/pcdbin/bin2pcd/build/CMakeFiles/CMakeTmp”
Building C object CMakeFiles/cmTC_6a0d5.dir/CheckFunctionExists.c.o
/usr/bin/cc   -DCHECK_FUNCTION_EXISTS=pthread_create   -o CMakeFiles/cmTC_6a0d5.dir/CheckFunctionExists.c.o   -c /home/hcq/anaconda3/envs/torch/lib/python3.6/site-packages/cmake/data/share/cmake-3.13/Modules/CheckFunctionExists.c
Linking C executable cmTC_6a0d5
/home/hcq/anaconda3/envs/torch/lib/python3.6/site-packages/cmake/data/bin/cmake -E cmake_link_script CMakeFiles/cmTC_6a0d5.dir/link.txt --verbose=1
/usr/bin/cc  -DCHECK_FUNCTION_EXISTS=pthread_create    CMakeFiles/cmTC_6a0d5.dir/CheckFunctionExists.c.o  -o cmTC_6a0d5 -lpthreads 
/usr/bin/ld: 找不到 -lpthreads
collect2: error: ld returned 1 exit status
CMakeFiles/cmTC_6a0d5.dir/build.make:86: recipe for target 'cmTC_6a0d5' failed
make[1]: *** [cmTC_6a0d5] Error 1
make[1]: 离开目录“/home/hcq/pointcloud/Python/data_process/pcdbin/bin2pcd/build/CMakeFiles/CMakeTmp”
Makefile:121: recipe for target 'cmTC_6a0d5/fast' failed
make: *** [cmTC_6a0d5/fast] Error 2


